  main.cpp
c:\users\fautr\desktop\github\projet_mariolike\mariolike\mariolike\main.cpp(14): warning C4244: 'argument' : conversion de 'T' en 'T', perte possible de données
          with
          [
              T=unsigned int
          ]
          and
          [
              T=float
          ]
c:\users\fautr\desktop\github\projet_mariolike\mariolike\mariolike\main.cpp(16): warning C4244: 'argument' : conversion de 'T' en 'T', perte possible de données
          with
          [
              T=unsigned int
          ]
          and
          [
              T=float
          ]
  Génération de code en cours
  1 of 87 functions ( 1.1%) were compiled, the rest were copied from previous compilation.
    0 functions were new in current compilation
    0 functions had inline decision re-evaluated but remain unchanged
  Fin de la génération du code
  MarioLike.vcxproj -> C:\Users\fautr\Desktop\GitHub\Projet_MarioLike\MarioLike\x64\Release\MarioLike.exe
